[debug] [2025-04-15T20:26:33.385Z] ----------------------------------------------------------------------
[debug] [2025-04-15T20:26:33.389Z] Command:       /nix/store/ixbb20farqh1f4fqbmsn6b1ixn8mc8ij-nodejs-20.18.1/bin/node /nix/store/b9a1wqzb1vkh5xd2mrp196csvbgv8j13-firebase-tools-14.0.1/lib/node_modules/firebase-tools/lib/bin/firebase.js init hosting
[debug] [2025-04-15T20:26:33.391Z] CLI Version:   14.0.1
[debug] [2025-04-15T20:26:33.391Z] Platform:      linux
[debug] [2025-04-15T20:26:33.391Z] Node Version:  v20.18.1
[debug] [2025-04-15T20:26:33.391Z] Time:          Tue Apr 15 2025 20:26:33 GMT+0000 (Coordinated Universal Time)
[debug] [2025-04-15T20:26:33.392Z] ----------------------------------------------------------------------
[debug] 
[debug] [2025-04-15T20:26:33.403Z] > command requires scopes: ["email","openid","https://www.googleapis.com/auth/cloudplatformprojects.readonly","https://www.googleapis.com/auth/firebase","https://www.googleapis.com/auth/cloud-platform"]
[debug] [2025-04-15T20:26:33.405Z] > authorizing via signed-in user (137946302@mfrm.com)
[info] 
     ######## #### ########  ######## ########     ###     ######  ########
     ##        ##  ##     ## ##       ##     ##  ##   ##  ##       ##
     ######    ##  ########  ######   ########  #########  ######  ######
     ##        ##  ##    ##  ##       ##     ## ##     ##       ## ##
     ##       #### ##     ## ######## ########  ##     ##  ######  ########

You're about to initialize a Firebase project in this directory:

  /home/user/studio

[info] 
=== Project Setup
[info] 
[info] First, let's associate this project directory with a Firebase project.
[info] You can create multiple project aliases by running firebase use --add, 
[info] but for now we'll just set up a default project.
[info] 
[info] i  If you want to create a project in a Google Cloud organization or folder, please use "firebase projects:create" instead, and return to this command when you've created the project. 
[debug] [2025-04-15T20:29:35.671Z] Checked if tokens are valid: true, expires at: 1744752184355
[debug] [2025-04-15T20:29:35.673Z] Checked if tokens are valid: true, expires at: 1744752184355
[debug] [2025-04-15T20:29:35.681Z] >>> [apiv2][query] POST https://cloudresourcemanager.googleapis.com/v1/projects [none]
[debug] [2025-04-15T20:29:35.683Z] >>> [apiv2][body] POST https://cloudresourcemanager.googleapis.com/v1/projects {"projectId":"mfrm-retro-rumble","name":"mfrm-retro-rumble"}
[debug] [2025-04-15T20:29:36.207Z] <<< [apiv2][status] POST https://cloudresourcemanager.googleapis.com/v1/projects 200
[debug] [2025-04-15T20:29:36.208Z] <<< [apiv2][body] POST https://cloudresourcemanager.googleapis.com/v1/projects {"name":"operations/create_project.global.7380797460915632805"}
[debug] [2025-04-15T20:29:36.212Z] Checked if tokens are valid: true, expires at: 1744752184355
[debug] [2025-04-15T20:29:36.212Z] Checked if tokens are valid: true, expires at: 1744752184355
[debug] [2025-04-15T20:29:36.215Z] >>> [apiv2][query] GET https://cloudresourcemanager.googleapis.com/v1/operations/create_project.global.7380797460915632805 [none]
[debug] [2025-04-15T20:29:36.323Z] <<< [apiv2][status] GET https://cloudresourcemanager.googleapis.com/v1/operations/create_project.global.7380797460915632805 200
[debug] [2025-04-15T20:29:36.323Z] <<< [apiv2][body] GET https://cloudresourcemanager.googleapis.com/v1/operations/create_project.global.7380797460915632805 {"name":"operations/create_project.global.7380797460915632805"}
[debug] [2025-04-15T20:29:36.825Z] [Project Creation Poller] Retrying task index 0
[debug] [2025-04-15T20:29:36.826Z] Checked if tokens are valid: true, expires at: 1744752184355
[debug] [2025-04-15T20:29:36.829Z] Checked if tokens are valid: true, expires at: 1744752184355
[debug] [2025-04-15T20:29:36.829Z] >>> [apiv2][query] GET https://cloudresourcemanager.googleapis.com/v1/operations/create_project.global.7380797460915632805 [none]
[debug] [2025-04-15T20:29:36.916Z] <<< [apiv2][status] GET https://cloudresourcemanager.googleapis.com/v1/operations/create_project.global.7380797460915632805 200
[debug] [2025-04-15T20:29:36.916Z] <<< [apiv2][body] GET https://cloudresourcemanager.googleapis.com/v1/operations/create_project.global.7380797460915632805 {"name":"operations/create_project.global.7380797460915632805","metadata":{"@type":"type.googleapis.com/google.cloudresourcemanager.v1.ProjectCreationStatus","ready":true},"done":true,"error":{"code":7,"message":"No permission to create project in organization"}}
[debug] [2025-04-15T20:29:36.947Z] FirebaseError: No permission to create project in organization
    at OperationPoller.poll (/nix/store/b9a1wqzb1vkh5xd2mrp196csvbgv8j13-firebase-tools-14.0.1/lib/node_modules/firebase-tools/lib/operation-poller.js:24:19)
    at process.processTicksAndRejections (node:internal/process/task_queues:95:5)
    at async createCloudProject (/nix/store/b9a1wqzb1vkh5xd2mrp196csvbgv8j13-firebase-tools-14.0.1/lib/node_modules/firebase-tools/lib/management/projects.js:213:29)
    at async createFirebaseProjectAndLog (/nix/store/b9a1wqzb1vkh5xd2mrp196csvbgv8j13-firebase-tools-14.0.1/lib/node_modules/firebase-tools/lib/management/projects.js:71:9)
    at async promptAndCreateNewProject (/nix/store/b9a1wqzb1vkh5xd2mrp196csvbgv8j13-firebase-tools-14.0.1/lib/node_modules/firebase-tools/lib/init/features/project.js:32:12)
    at async doSetup (/nix/store/b9a1wqzb1vkh5xd2mrp196csvbgv8j13-firebase-tools-14.0.1/lib/node_modules/firebase-tools/lib/init/features/project.js:89:27)
    at async init (/nix/store/b9a1wqzb1vkh5xd2mrp196csvbgv8j13-firebase-tools-14.0.1/lib/node_modules/firebase-tools/lib/init/index.js:41:9)
[error] 
[error] Error: Failed to create project. See firebase-debug.log for more info.
